{
  "C:\\Users\\3217_plz\\Projects\\hello-world\\src\\modules.js": {
    "path": "C:\\Users\\3217_plz\\Projects\\hello-world\\src\\modules.js",
    "statementMap": {
      "0": {
        "start": { "line": 2, "column": 2 },
        "end": { "line": 2, "column": 25 }
      },
      "1": {
        "start": { "line": 5, "column": 24 },
        "end": { "line": 7, "column": 1 }
      },
      "2": {
        "start": { "line": 6, "column": 2 },
        "end": { "line": 6, "column": 27 }
      },
      "3": {
        "start": { "line": 10, "column": 2 },
        "end": { "line": 19, "column": 3 }
      },
      "4": {
        "start": { "line": 12, "column": 6 },
        "end": { "line": 12, "column": 32 }
      },
      "5": {
        "start": { "line": 14, "column": 6 },
        "end": { "line": 14, "column": 30 }
      },
      "6": {
        "start": { "line": 16, "column": 6 },
        "end": { "line": 16, "column": 25 }
      },
      "7": {
        "start": { "line": 18, "column": 6 },
        "end": { "line": 18, "column": 56 }
      },
      "8": {
        "start": { "line": 23, "column": 2 },
        "end": { "line": 29, "column": 3 }
      },
      "9": {
        "start": { "line": 26, "column": 6 },
        "end": { "line": 26, "column": 56 }
      },
      "10": {
        "start": { "line": 28, "column": 6 },
        "end": { "line": 28, "column": 45 }
      }
    },
    "fnMap": {
      "0": {
        "name": "greet",
        "decl": {
          "start": { "line": 1, "column": 16 },
          "end": { "line": 1, "column": 21 }
        },
        "loc": {
          "start": { "line": 1, "column": 28 },
          "end": { "line": 3, "column": 1 }
        },
        "line": 1
      },
      "1": {
        "name": "(anonymous_1)",
        "decl": {
          "start": { "line": 5, "column": 24 },
          "end": { "line": 5, "column": 25 }
        },
        "loc": {
          "start": { "line": 5, "column": 32 },
          "end": { "line": 7, "column": 1 }
        },
        "line": 5
      },
      "2": {
        "name": "kolobok",
        "decl": {
          "start": { "line": 9, "column": 16 },
          "end": { "line": 9, "column": 23 }
        },
        "loc": {
          "start": { "line": 9, "column": 35 },
          "end": { "line": 20, "column": 1 }
        },
        "line": 9
      },
      "3": {
        "name": "newYear",
        "decl": {
          "start": { "line": 22, "column": 16 },
          "end": { "line": 22, "column": 23 }
        },
        "loc": {
          "start": { "line": 22, "column": 35 },
          "end": { "line": 30, "column": 1 }
        },
        "line": 22
      }
    },
    "branchMap": {
      "0": {
        "loc": {
          "start": { "line": 10, "column": 2 },
          "end": { "line": 19, "column": 3 }
        },
        "type": "switch",
        "locations": [
          {
            "start": { "line": 11, "column": 4 },
            "end": { "line": 12, "column": 32 }
          },
          {
            "start": { "line": 13, "column": 4 },
            "end": { "line": 14, "column": 30 }
          },
          {
            "start": { "line": 15, "column": 4 },
            "end": { "line": 16, "column": 25 }
          },
          {
            "start": { "line": 17, "column": 4 },
            "end": { "line": 18, "column": 56 }
          }
        ],
        "line": 10
      },
      "1": {
        "loc": {
          "start": { "line": 23, "column": 2 },
          "end": { "line": 29, "column": 3 }
        },
        "type": "switch",
        "locations": [
          {
            "start": { "line": 24, "column": 4 },
            "end": { "line": 24, "column": 21 }
          },
          {
            "start": { "line": 25, "column": 4 },
            "end": { "line": 26, "column": 56 }
          },
          {
            "start": { "line": 27, "column": 4 },
            "end": { "line": 28, "column": 45 }
          }
        ],
        "line": 23
      }
    },
    "s": {
      "0": 2,
      "1": 2,
      "2": 2,
      "3": 6,
      "4": 1,
      "5": 1,
      "6": 1,
      "7": 3,
      "8": 4,
      "9": 2,
      "10": 2
    },
    "f": { "0": 2, "1": 2, "2": 6, "3": 4 },
    "b": { "0": [1, 1, 1, 3], "1": [1, 2, 2] },
    "_coverageSchema": "1a1c01bbd47fc00a2c39e90264f33305004495a9",
    "hash": "fd2cdf7c529adbe219ccc56d6fdbfeaac47ec56b"
  }
}
